<?xml version="1.0" encoding="UTF-8"?>
<testng-results skipped="0" failed="0" ignored="0" total="1" passed="1">
  <reporter-output>
  </reporter-output>
  <suite name="Default suite" duration-ms="28247" started-at="2018-05-31T12:09:31Z" finished-at="2018-05-31T12:09:59Z">
    <groups>
    </groups>
    <test name="Default test" duration-ms="28247" started-at="2018-05-31T12:09:31Z" finished-at="2018-05-31T12:09:59Z">
      <class name="testcases.RedBus">
        <test-method status="PASS" signature="redbus()[pri:0, instance:testcases.RedBus@968a59]" name="redbus" duration-ms="28214" started-at="2018-05-31T12:09:31Z" finished-at="2018-05-31T12:09:59Z">
          <reporter-output>
          </reporter-output>
        </test-method> <!-- redbus -->
      </class> <!-- testcases.RedBus -->
    </test> <!-- Default test -->
  </suite> <!-- Default suite -->
</testng-results>
